[2025/05/05 18:45:42:000000] Origin: http://localhost
[2025/05/05 18:45:42:000000] Form submitted: Name=ショウウンワ, Email=markshou@gmail.com, Message=adsd, IP=::1
[2025/05/05 18:45:42:000000] server name= localhost
[2025/05/05 18:45:42:000000] Form submitted from: http://localhost/IzumoCompany/izumosoan/ja/index.html
[2025/05/05 18:45:42:000000] reCAPTCHA verification failed: browser-error
[2025/05/05 18:50:38:000000] Origin: http://localhost
[2025/05/05 18:50:38:000000] Form submitted: Name=asd, Email=xiaoyh@yahoo.co.jp, Message=adasd, IP=::1
[2025/05/05 18:50:38:000000] server name= localhost
[2025/05/05 18:50:38:000000] Form submitted from: http://localhost/IzumoCompany/izumosoan/ja/index.html
[2025/05/05 18:50:38:000000] reCAPTCHA verification failed: browser-error
[2025/05/05 19:02:38:000000] Origin: http://localhost
[2025/05/05 19:02:38:000000] Form submitted: Name=ショウウンワ, Email=markshou@gmail.com, Message=yuy, IP=::1
[2025/05/05 19:02:38:000000] server name= localhost
[2025/05/05 19:02:38:000000] Form submitted from: http://localhost/IzumoCompany/izumosoan/ja/index.html
[2025/05/05 19:02:41:000000] Email sent successfully
[2025/05/05 19:20:13:000000] Origin: http://localhost
[2025/05/05 19:20:13:000000] company=開誠文旅株式会社
[2025/05/05 19:20:13:000000] Form submitted: Name=ショウウンワ, Email=markshou@gmail.com, Message=fghugf, IP=::1
[2025/05/05 19:20:13:000000] server name= localhost
[2025/05/05 19:20:13:000000] Form submitted from: http://localhost/IzumoCompany/izumosoan/ja/index.html
[2025/05/05 19:20:17:000000] Email sent successfully
[2025/05/05 19:26:33:000000] Origin: http://localhost
[2025/05/05 19:26:33:000000] company=開誠文旅株式会社
[2025/05/05 19:26:33:000000] Form submitted: Name=ショウウンワ, Email=markshou@gmail.com, Message=sdfdsf, IP=::1
[2025/05/05 19:26:33:000000] server name= localhost
[2025/05/05 19:26:33:000000] Form submitted from: http://localhost/IzumoCompany/izumosoan/ja/index.html
[2025/05/05 19:26:37:000000] Email sent successfully
[2025/05/05 19:29:16:000000] Origin: http://localhost
[2025/05/05 19:29:16:000000] company=開誠文旅株式会社
[2025/05/05 19:29:16:000000] Form submitted: Name=リエン, Email=xiaoyh@yahoo.co.jp, Message=ghj, IP=::1
[2025/05/05 19:29:16:000000] server name= localhost
[2025/05/05 19:29:16:000000] Form submitted from: http://localhost/IzumoCompany/izumosoan/ja/index.html
[2025/05/05 19:29:20:000000] Email sent successfully
